<?xml version="1.0" encoding="UTF-8"?>
<testsuite xmlns:xsi="http://www.w3.org/2001/XMLSchema-instance" xsi:noNamespaceSchemaLocation="https://maven.apache.org/surefire/maven-surefire-plugin/xsd/surefire-test-report.xsd" name="com.gnawococ.springcloud.AppTest" time="0.073" tests="1" errors="0" skipped="0" failures="0">
  <properties>
    <property name="sun.desktop" value="windows"/>
    <property name="awt.toolkit" value="sun.awt.windows.WToolkit"/>
    <property name="file.encoding.pkg" value="sun.io"/>
    <property name="java.specification.version" value="1.8"/>
    <property name="sun.cpu.isalist" value="amd64"/>
    <property name="sun.jnu.encoding" value="GBK"/>
    <property name="java.class.path" value="E:\Java_Code\Spring-cloud\springcloud\microservicecloud\microservicecloud-api\target\test-classes;E:\Java_Code\Spring-cloud\springcloud\microservicecloud\microservicecloud-api\target\classes;D:\Java开发系列\Maven相关包\zip\apache-maven-3.6.1-bin\apache-maven-3.6.1\Resources\org\projectlombok\lombok\1.16.18\lombok-1.16.18.jar;D:\Java开发系列\Maven相关包\zip\apache-maven-3.6.1-bin\apache-maven-3.6.1\Resources\org\springframework\cloud\spring-cloud-starter-hystrix\1.4.4.RELEASE\spring-cloud-starter-hystrix-1.4.4.RELEASE.jar;D:\Java开发系列\Maven相关包\zip\apache-maven-3.6.1-bin\apache-maven-3.6.1\Resources\org\springframework\cloud\spring-cloud-starter-netflix-hystrix\1.4.4.RELEASE\spring-cloud-starter-netflix-hystrix-1.4.4.RELEASE.jar;D:\Java开发系列\Maven相关包\zip\apache-maven-3.6.1-bin\apache-maven-3.6.1\Resources\org\springframework\cloud\spring-cloud-starter\1.3.3.RELEASE\spring-cloud-starter-1.3.3.RELEASE.jar;D:\Java开发系列\Maven相关包\zip\apache-maven-3.6.1-bin\apache-maven-3.6.1\Resources\org\springframework\cloud\spring-cloud-context\1.3.3.RELEASE\spring-cloud-context-1.3.3.RELEASE.jar;D:\Java开发系列\Maven相关包\zip\apache-maven-3.6.1-bin\apache-maven-3.6.1\Resources\org\springframework\security\spring-security-rsa\1.0.3.RELEASE\spring-security-rsa-1.0.3.RELEASE.jar;D:\Java开发系列\Maven相关包\zip\apache-maven-3.6.1-bin\apache-maven-3.6.1\Resources\org\bouncycastle\bcpkix-jdk15on\1.55\bcpkix-jdk15on-1.55.jar;D:\Java开发系列\Maven相关包\zip\apache-maven-3.6.1-bin\apache-maven-3.6.1\Resources\org\bouncycastle\bcprov-jdk15on\1.55\bcprov-jdk15on-1.55.jar;D:\Java开发系列\Maven相关包\zip\apache-maven-3.6.1-bin\apache-maven-3.6.1\Resources\org\springframework\cloud\spring-cloud-netflix-core\1.4.4.RELEASE\spring-cloud-netflix-core-1.4.4.RELEASE.jar;D:\Java开发系列\Maven相关包\zip\apache-maven-3.6.1-bin\apache-maven-3.6.1\Resources\org\springframework\cloud\spring-cloud-starter-netflix-archaius\1.4.4.RELEASE\spring-cloud-starter-netflix-archaius-1.4.4.RELEASE.jar;D:\Java开发系列\Maven相关包\zip\apache-maven-3.6.1-bin\apache-maven-3.6.1\Resources\com\netflix\archaius\archaius-core\0.7.4\archaius-core-0.7.4.jar;D:\Java开发系列\Maven相关包\zip\apache-maven-3.6.1-bin\apache-maven-3.6.1\Resources\com\google\code\findbugs\jsr305\3.0.1\jsr305-3.0.1.jar;D:\Java开发系列\Maven相关包\zip\apache-maven-3.6.1-bin\apache-maven-3.6.1\Resources\commons-configuration\commons-configuration\1.8\commons-configuration-1.8.jar;D:\Java开发系列\Maven相关包\zip\apache-maven-3.6.1-bin\apache-maven-3.6.1\Resources\commons-lang\commons-lang\2.6\commons-lang-2.6.jar;D:\Java开发系列\Maven相关包\zip\apache-maven-3.6.1-bin\apache-maven-3.6.1\Resources\com\fasterxml\jackson\core\jackson-annotations\2.8.0\jackson-annotations-2.8.0.jar;D:\Java开发系列\Maven相关包\zip\apache-maven-3.6.1-bin\apache-maven-3.6.1\Resources\com\fasterxml\jackson\core\jackson-core\2.8.10\jackson-core-2.8.10.jar;D:\Java开发系列\Maven相关包\zip\apache-maven-3.6.1-bin\apache-maven-3.6.1\Resources\com\fasterxml\jackson\core\jackson-databind\2.8.10\jackson-databind-2.8.10.jar;D:\Java开发系列\Maven相关包\zip\apache-maven-3.6.1-bin\apache-maven-3.6.1\Resources\com\google\guava\guava\18.0\guava-18.0.jar;D:\Java开发系列\Maven相关包\zip\apache-maven-3.6.1-bin\apache-maven-3.6.1\Resources\com\netflix\hystrix\hystrix-core\1.5.12\hystrix-core-1.5.12.jar;D:\Java开发系列\Maven相关包\zip\apache-maven-3.6.1-bin\apache-maven-3.6.1\Resources\io\reactivex\rxjava\1.2.0\rxjava-1.2.0.jar;D:\Java开发系列\Maven相关包\zip\apache-maven-3.6.1-bin\apache-maven-3.6.1\Resources\org\hdrhistogram\HdrHistogram\2.1.9\HdrHistogram-2.1.9.jar;D:\Java开发系列\Maven相关包\zip\apache-maven-3.6.1-bin\apache-maven-3.6.1\Resources\com\netflix\hystrix\hystrix-metrics-event-stream\1.5.12\hystrix-metrics-event-stream-1.5.12.jar;D:\Java开发系列\Maven相关包\zip\apache-maven-3.6.1-bin\apache-maven-3.6.1\Resources\com\netflix\hystrix\hystrix-serialization\1.5.12\hystrix-serialization-1.5.12.jar;D:\Java开发系列\Maven相关包\zip\apache-maven-3.6.1-bin\apache-maven-3.6.1\Resources\com\fasterxml\jackson\module\jackson-module-afterburner\2.7.5\jackson-module-afterburner-2.7.5.jar;D:\Java开发系列\Maven相关包\zip\apache-maven-3.6.1-bin\apache-maven-3.6.1\Resources\com\netflix\hystrix\hystrix-javanica\1.5.12\hystrix-javanica-1.5.12.jar;D:\Java开发系列\Maven相关包\zip\apache-maven-3.6.1-bin\apache-maven-3.6.1\Resources\org\apache\commons\commons-lang3\3.1\commons-lang3-3.1.jar;D:\Java开发系列\Maven相关包\zip\apache-maven-3.6.1-bin\apache-maven-3.6.1\Resources\org\ow2\asm\asm\5.0.4\asm-5.0.4.jar;D:\Java开发系列\Maven相关包\zip\apache-maven-3.6.1-bin\apache-maven-3.6.1\Resources\org\aspectj\aspectjweaver\1.8.6\aspectjweaver-1.8.6.jar;D:\Java开发系列\Maven相关包\zip\apache-maven-3.6.1-bin\apache-maven-3.6.1\Resources\org\springframework\cloud\spring-cloud-starter-feign\1.4.4.RELEASE\spring-cloud-starter-feign-1.4.4.RELEASE.jar;D:\Java开发系列\Maven相关包\zip\apache-maven-3.6.1-bin\apache-maven-3.6.1\Resources\org\springframework\cloud\spring-cloud-starter-openfeign\1.4.4.RELEASE\spring-cloud-starter-openfeign-1.4.4.RELEASE.jar;D:\Java开发系列\Maven相关包\zip\apache-maven-3.6.1-bin\apache-maven-3.6.1\Resources\org\springframework\spring-web\4.3.14.RELEASE\spring-web-4.3.14.RELEASE.jar;D:\Java开发系列\Maven相关包\zip\apache-maven-3.6.1-bin\apache-maven-3.6.1\Resources\org\springframework\spring-aop\4.3.14.RELEASE\spring-aop-4.3.14.RELEASE.jar;D:\Java开发系列\Maven相关包\zip\apache-maven-3.6.1-bin\apache-maven-3.6.1\Resources\org\springframework\spring-beans\4.3.14.RELEASE\spring-beans-4.3.14.RELEASE.jar;D:\Java开发系列\Maven相关包\zip\apache-maven-3.6.1-bin\apache-maven-3.6.1\Resources\org\springframework\spring-context\4.3.14.RELEASE\spring-context-4.3.14.RELEASE.jar;D:\Java开发系列\Maven相关包\zip\apache-maven-3.6.1-bin\apache-maven-3.6.1\Resources\org\springframework\spring-expression\4.3.14.RELEASE\spring-expression-4.3.14.RELEASE.jar;D:\Java开发系列\Maven相关包\zip\apache-maven-3.6.1-bin\apache-maven-3.6.1\Resources\org\springframework\cloud\spring-cloud-commons\1.3.3.RELEASE\spring-cloud-commons-1.3.3.RELEASE.jar;D:\Java开发系列\Maven相关包\zip\apache-maven-3.6.1-bin\apache-maven-3.6.1\Resources\org\springframework\security\spring-security-crypto\4.2.4.RELEASE\spring-security-crypto-4.2.4.RELEASE.jar;D:\Java开发系列\Maven相关包\zip\apache-maven-3.6.1-bin\apache-maven-3.6.1\Resources\org\apache\httpcomponents\httpclient\4.5.1\httpclient-4.5.1.jar;D:\Java开发系列\Maven相关包\zip\apache-maven-3.6.1-bin\apache-maven-3.6.1\Resources\org\apache\httpcomponents\httpcore\4.4.3\httpcore-4.4.3.jar;D:\Java开发系列\Maven相关包\zip\apache-maven-3.6.1-bin\apache-maven-3.6.1\Resources\commons-codec\commons-codec\1.9\commons-codec-1.9.jar;D:\Java开发系列\Maven相关包\zip\apache-maven-3.6.1-bin\apache-maven-3.6.1\Resources\io\github\openfeign\feign-core\9.5.0\feign-core-9.5.0.jar;D:\Java开发系列\Maven相关包\zip\apache-maven-3.6.1-bin\apache-maven-3.6.1\Resources\org\jvnet\animal-sniffer-annotation\1.0\animal-sniffer-annotation-1.0.jar;D:\Java开发系列\Maven相关包\zip\apache-maven-3.6.1-bin\apache-maven-3.6.1\Resources\io\github\openfeign\feign-slf4j\9.5.0\feign-slf4j-9.5.0.jar;D:\Java开发系列\Maven相关包\zip\apache-maven-3.6.1-bin\apache-maven-3.6.1\Resources\io\github\openfeign\feign-hystrix\9.5.0\feign-hystrix-9.5.0.jar;D:\Java开发系列\Maven相关包\zip\apache-maven-3.6.1-bin\apache-maven-3.6.1\Resources\org\springframework\cloud\spring-cloud-starter-netflix-ribbon\1.4.4.RELEASE\spring-cloud-starter-netflix-ribbon-1.4.4.RELEASE.jar;D:\Java开发系列\Maven相关包\zip\apache-maven-3.6.1-bin\apache-maven-3.6.1\Resources\com\netflix\ribbon\ribbon\2.2.5\ribbon-2.2.5.jar;D:\Java开发系列\Maven相关包\zip\apache-maven-3.6.1-bin\apache-maven-3.6.1\Resources\com\netflix\ribbon\ribbon-transport\2.2.5\ribbon-transport-2.2.5.jar;D:\Java开发系列\Maven相关包\zip\apache-maven-3.6.1-bin\apache-maven-3.6.1\Resources\io\reactivex\rxnetty-contexts\0.4.9\rxnetty-contexts-0.4.9.jar;D:\Java开发系列\Maven相关包\zip\apache-maven-3.6.1-bin\apache-maven-3.6.1\Resources\io\reactivex\rxnetty-servo\0.4.9\rxnetty-servo-0.4.9.jar;D:\Java开发系列\Maven相关包\zip\apache-maven-3.6.1-bin\apache-maven-3.6.1\Resources\javax\inject\javax.inject\1\javax.inject-1.jar;D:\Java开发系列\Maven相关包\zip\apache-maven-3.6.1-bin\apache-maven-3.6.1\Resources\io\reactivex\rxnetty\0.4.9\rxnetty-0.4.9.jar;D:\Java开发系列\Maven相关包\zip\apache-maven-3.6.1-bin\apache-maven-3.6.1\Resources\io\netty\netty-codec-http\4.0.27.Final\netty-codec-http-4.0.27.Final.jar;D:\Java开发系列\Maven相关包\zip\apache-maven-3.6.1-bin\apache-maven-3.6.1\Resources\io\netty\netty-codec\4.0.27.Final\netty-codec-4.0.27.Final.jar;D:\Java开发系列\Maven相关包\zip\apache-maven-3.6.1-bin\apache-maven-3.6.1\Resources\io\netty\netty-handler\4.0.27.Final\netty-handler-4.0.27.Final.jar;D:\Java开发系列\Maven相关包\zip\apache-maven-3.6.1-bin\apache-maven-3.6.1\Resources\io\netty\netty-transport-native-epoll\4.0.27.Final\netty-transport-native-epoll-4.0.27.Final.jar;D:\Java开发系列\Maven相关包\zip\apache-maven-3.6.1-bin\apache-maven-3.6.1\Resources\io\netty\netty-common\4.0.27.Final\netty-common-4.0.27.Final.jar;D:\Java开发系列\Maven相关包\zip\apache-maven-3.6.1-bin\apache-maven-3.6.1\Resources\io\netty\netty-buffer\4.0.27.Final\netty-buffer-4.0.27.Final.jar;D:\Java开发系列\Maven相关包\zip\apache-maven-3.6.1-bin\apache-maven-3.6.1\Resources\io\netty\netty-transport\4.0.27.Final\netty-transport-4.0.27.Final.jar;D:\Java开发系列\Maven相关包\zip\apache-maven-3.6.1-bin\apache-maven-3.6.1\Resources\com\netflix\ribbon\ribbon-core\2.2.5\ribbon-core-2.2.5.jar;D:\Java开发系列\Maven相关包\zip\apache-maven-3.6.1-bin\apache-maven-3.6.1\Resources\com\netflix\ribbon\ribbon-httpclient\2.2.5\ribbon-httpclient-2.2.5.jar;D:\Java开发系列\Maven相关包\zip\apache-maven-3.6.1-bin\apache-maven-3.6.1\Resources\commons-collections\commons-collections\3.2.2\commons-collections-3.2.2.jar;D:\Java开发系列\Maven相关包\zip\apache-maven-3.6.1-bin\apache-maven-3.6.1\Resources\com\sun\jersey\jersey-client\1.19.1\jersey-client-1.19.1.jar;D:\Java开发系列\Maven相关包\zip\apache-maven-3.6.1-bin\apache-maven-3.6.1\Resources\com\sun\jersey\jersey-core\1.19.1\jersey-core-1.19.1.jar;D:\Java开发系列\Maven相关包\zip\apache-maven-3.6.1-bin\apache-maven-3.6.1\Resources\javax\ws\rs\jsr311-api\1.1.1\jsr311-api-1.1.1.jar;D:\Java开发系列\Maven相关包\zip\apache-maven-3.6.1-bin\apache-maven-3.6.1\Resources\com\sun\jersey\contribs\jersey-apache-client4\1.19.1\jersey-apache-client4-1.19.1.jar;D:\Java开发系列\Maven相关包\zip\apache-maven-3.6.1-bin\apache-maven-3.6.1\Resources\com\netflix\servo\servo-core\0.10.1\servo-core-0.10.1.jar;D:\Java开发系列\Maven相关包\zip\apache-maven-3.6.1-bin\apache-maven-3.6.1\Resources\com\netflix\servo\servo-internal\0.10.1\servo-internal-0.10.1.jar;D:\Java开发系列\Maven相关包\zip\apache-maven-3.6.1-bin\apache-maven-3.6.1\Resources\com\netflix\netflix-commons\netflix-commons-util\0.1.1\netflix-commons-util-0.1.1.jar;D:\Java开发系列\Maven相关包\zip\apache-maven-3.6.1-bin\apache-maven-3.6.1\Resources\com\netflix\ribbon\ribbon-loadbalancer\2.2.5\ribbon-loadbalancer-2.2.5.jar;D:\Java开发系列\Maven相关包\zip\apache-maven-3.6.1-bin\apache-maven-3.6.1\Resources\com\netflix\netflix-commons\netflix-statistics\0.1.1\netflix-statistics-0.1.1.jar;D:\Java开发系列\Maven相关包\zip\apache-maven-3.6.1-bin\apache-maven-3.6.1\Resources\mysql\mysql-connector-java\8.0.17\mysql-connector-java-8.0.17.jar;D:\Java开发系列\Maven相关包\zip\apache-maven-3.6.1-bin\apache-maven-3.6.1\Resources\com\google\protobuf\protobuf-java\3.6.1\protobuf-java-3.6.1.jar;D:\Java开发系列\Maven相关包\zip\apache-maven-3.6.1-bin\apache-maven-3.6.1\Resources\com\alibaba\druid\1.0.31\druid-1.0.31.jar;D:\jdk 1.8_bao\jdk\jre\..\lib\jconsole.jar;D:\jdk 1.8_bao\jdk\jre\..\lib\tools.jar;D:\Java开发系列\Maven相关包\zip\apache-maven-3.6.1-bin\apache-maven-3.6.1\Resources\org\mybatis\spring\boot\mybatis-spring-boot-starter\1.3.0\mybatis-spring-boot-starter-1.3.0.jar;D:\Java开发系列\Maven相关包\zip\apache-maven-3.6.1-bin\apache-maven-3.6.1\Resources\org\springframework\boot\spring-boot-starter\1.5.2.RELEASE\spring-boot-starter-1.5.2.RELEASE.jar;D:\Java开发系列\Maven相关包\zip\apache-maven-3.6.1-bin\apache-maven-3.6.1\Resources\org\springframework\boot\spring-boot\1.5.2.RELEASE\spring-boot-1.5.2.RELEASE.jar;D:\Java开发系列\Maven相关包\zip\apache-maven-3.6.1-bin\apache-maven-3.6.1\Resources\org\springframework\boot\spring-boot-autoconfigure\1.5.2.RELEASE\spring-boot-autoconfigure-1.5.2.RELEASE.jar;D:\Java开发系列\Maven相关包\zip\apache-maven-3.6.1-bin\apache-maven-3.6.1\Resources\org\springframework\boot\spring-boot-starter-logging\1.5.2.RELEASE\spring-boot-starter-logging-1.5.2.RELEASE.jar;D:\Java开发系列\Maven相关包\zip\apache-maven-3.6.1-bin\apache-maven-3.6.1\Resources\org\slf4j\jcl-over-slf4j\1.7.24\jcl-over-slf4j-1.7.24.jar;D:\Java开发系列\Maven相关包\zip\apache-maven-3.6.1-bin\apache-maven-3.6.1\Resources\org\slf4j\jul-to-slf4j\1.7.24\jul-to-slf4j-1.7.24.jar;D:\Java开发系列\Maven相关包\zip\apache-maven-3.6.1-bin\apache-maven-3.6.1\Resources\org\slf4j\log4j-over-slf4j\1.7.24\log4j-over-slf4j-1.7.24.jar;D:\Java开发系列\Maven相关包\zip\apache-maven-3.6.1-bin\apache-maven-3.6.1\Resources\org\springframework\spring-core\4.3.7.RELEASE\spring-core-4.3.7.RELEASE.jar;D:\Java开发系列\Maven相关包\zip\apache-maven-3.6.1-bin\apache-maven-3.6.1\Resources\org\yaml\snakeyaml\1.17\snakeyaml-1.17.jar;D:\Java开发系列\Maven相关包\zip\apache-maven-3.6.1-bin\apache-maven-3.6.1\Resources\org\springframework\boot\spring-boot-starter-jdbc\1.5.2.RELEASE\spring-boot-starter-jdbc-1.5.2.RELEASE.jar;D:\Java开发系列\Maven相关包\zip\apache-maven-3.6.1-bin\apache-maven-3.6.1\Resources\org\apache\tomcat\tomcat-jdbc\8.5.11\tomcat-jdbc-8.5.11.jar;D:\Java开发系列\Maven相关包\zip\apache-maven-3.6.1-bin\apache-maven-3.6.1\Resources\org\apache\tomcat\tomcat-juli\8.5.11\tomcat-juli-8.5.11.jar;D:\Java开发系列\Maven相关包\zip\apache-maven-3.6.1-bin\apache-maven-3.6.1\Resources\org\springframework\spring-jdbc\4.3.7.RELEASE\spring-jdbc-4.3.7.RELEASE.jar;D:\Java开发系列\Maven相关包\zip\apache-maven-3.6.1-bin\apache-maven-3.6.1\Resources\org\springframework\spring-tx\4.3.7.RELEASE\spring-tx-4.3.7.RELEASE.jar;D:\Java开发系列\Maven相关包\zip\apache-maven-3.6.1-bin\apache-maven-3.6.1\Resources\org\mybatis\spring\boot\mybatis-spring-boot-autoconfigure\1.3.0\mybatis-spring-boot-autoconfigure-1.3.0.jar;D:\Java开发系列\Maven相关包\zip\apache-maven-3.6.1-bin\apache-maven-3.6.1\Resources\org\mybatis\mybatis\3.4.4\mybatis-3.4.4.jar;D:\Java开发系列\Maven相关包\zip\apache-maven-3.6.1-bin\apache-maven-3.6.1\Resources\org\mybatis\mybatis-spring\1.3.1\mybatis-spring-1.3.1.jar;D:\Java开发系列\Maven相关包\zip\apache-maven-3.6.1-bin\apache-maven-3.6.1\Resources\ch\qos\logback\logback-classic\1.2.3\logback-classic-1.2.3.jar;D:\Java开发系列\Maven相关包\zip\apache-maven-3.6.1-bin\apache-maven-3.6.1\Resources\ch\qos\logback\logback-core\1.2.3\logback-core-1.2.3.jar;D:\Java开发系列\Maven相关包\zip\apache-maven-3.6.1-bin\apache-maven-3.6.1\Resources\org\slf4j\slf4j-api\1.7.25\slf4j-api-1.7.25.jar;D:\Java开发系列\Maven相关包\zip\apache-maven-3.6.1-bin\apache-maven-3.6.1\Resources\junit\junit\4.12\junit-4.12.jar;D:\Java开发系列\Maven相关包\zip\apache-maven-3.6.1-bin\apache-maven-3.6.1\Resources\org\hamcrest\hamcrest-core\1.3\hamcrest-core-1.3.jar;D:\Java开发系列\Maven相关包\zip\apache-maven-3.6.1-bin\apache-maven-3.6.1\Resources\log4j\log4j\1.2.17\log4j-1.2.17.jar;"/>
    <property name="java.vm.vendor" value="Oracle Corporation"/>
    <property name="sun.arch.data.model" value="64"/>
    <property name="user.variant" value=""/>
    <property name="java.vendor.url" value="http://java.oracle.com/"/>
    <property name="user.timezone" value="Asia/Shanghai"/>
    <property name="java.vm.specification.version" value="1.8"/>
    <property name="os.name" value="Windows 10"/>
    <property name="user.country" value="CN"/>
    <property name="sun.java.launcher" value="SUN_STANDARD"/>
    <property name="sun.boot.library.path" value="D:\jdk 1.8_bao\jdk\jre\bin"/>
    <property name="sun.java.command" value="C:\Users\wang_sir\AppData\Local\Temp\surefire5541914030155958390\surefirebooter3916291290569648376.jar C:\Users\wang_sir\AppData\Local\Temp\surefire5541914030155958390 2020-05-22T17-33-50_595-jvmRun1 surefire108339703720854287tmp surefire_08282891226880077939tmp"/>
    <property name="surefire.test.class.path" value="E:\Java_Code\Spring-cloud\springcloud\microservicecloud\microservicecloud-api\target\test-classes;E:\Java_Code\Spring-cloud\springcloud\microservicecloud\microservicecloud-api\target\classes;D:\Java开发系列\Maven相关包\zip\apache-maven-3.6.1-bin\apache-maven-3.6.1\Resources\org\projectlombok\lombok\1.16.18\lombok-1.16.18.jar;D:\Java开发系列\Maven相关包\zip\apache-maven-3.6.1-bin\apache-maven-3.6.1\Resources\org\springframework\cloud\spring-cloud-starter-hystrix\1.4.4.RELEASE\spring-cloud-starter-hystrix-1.4.4.RELEASE.jar;D:\Java开发系列\Maven相关包\zip\apache-maven-3.6.1-bin\apache-maven-3.6.1\Resources\org\springframework\cloud\spring-cloud-starter-netflix-hystrix\1.4.4.RELEASE\spring-cloud-starter-netflix-hystrix-1.4.4.RELEASE.jar;D:\Java开发系列\Maven相关包\zip\apache-maven-3.6.1-bin\apache-maven-3.6.1\Resources\org\springframework\cloud\spring-cloud-starter\1.3.3.RELEASE\spring-cloud-starter-1.3.3.RELEASE.jar;D:\Java开发系列\Maven相关包\zip\apache-maven-3.6.1-bin\apache-maven-3.6.1\Resources\org\springframework\cloud\spring-cloud-context\1.3.3.RELEASE\spring-cloud-context-1.3.3.RELEASE.jar;D:\Java开发系列\Maven相关包\zip\apache-maven-3.6.1-bin\apache-maven-3.6.1\Resources\org\springframework\security\spring-security-rsa\1.0.3.RELEASE\spring-security-rsa-1.0.3.RELEASE.jar;D:\Java开发系列\Maven相关包\zip\apache-maven-3.6.1-bin\apache-maven-3.6.1\Resources\org\bouncycastle\bcpkix-jdk15on\1.55\bcpkix-jdk15on-1.55.jar;D:\Java开发系列\Maven相关包\zip\apache-maven-3.6.1-bin\apache-maven-3.6.1\Resources\org\bouncycastle\bcprov-jdk15on\1.55\bcprov-jdk15on-1.55.jar;D:\Java开发系列\Maven相关包\zip\apache-maven-3.6.1-bin\apache-maven-3.6.1\Resources\org\springframework\cloud\spring-cloud-netflix-core\1.4.4.RELEASE\spring-cloud-netflix-core-1.4.4.RELEASE.jar;D:\Java开发系列\Maven相关包\zip\apache-maven-3.6.1-bin\apache-maven-3.6.1\Resources\org\springframework\cloud\spring-cloud-starter-netflix-archaius\1.4.4.RELEASE\spring-cloud-starter-netflix-archaius-1.4.4.RELEASE.jar;D:\Java开发系列\Maven相关包\zip\apache-maven-3.6.1-bin\apache-maven-3.6.1\Resources\com\netflix\archaius\archaius-core\0.7.4\archaius-core-0.7.4.jar;D:\Java开发系列\Maven相关包\zip\apache-maven-3.6.1-bin\apache-maven-3.6.1\Resources\com\google\code\findbugs\jsr305\3.0.1\jsr305-3.0.1.jar;D:\Java开发系列\Maven相关包\zip\apache-maven-3.6.1-bin\apache-maven-3.6.1\Resources\commons-configuration\commons-configuration\1.8\commons-configuration-1.8.jar;D:\Java开发系列\Maven相关包\zip\apache-maven-3.6.1-bin\apache-maven-3.6.1\Resources\commons-lang\commons-lang\2.6\commons-lang-2.6.jar;D:\Java开发系列\Maven相关包\zip\apache-maven-3.6.1-bin\apache-maven-3.6.1\Resources\com\fasterxml\jackson\core\jackson-annotations\2.8.0\jackson-annotations-2.8.0.jar;D:\Java开发系列\Maven相关包\zip\apache-maven-3.6.1-bin\apache-maven-3.6.1\Resources\com\fasterxml\jackson\core\jackson-core\2.8.10\jackson-core-2.8.10.jar;D:\Java开发系列\Maven相关包\zip\apache-maven-3.6.1-bin\apache-maven-3.6.1\Resources\com\fasterxml\jackson\core\jackson-databind\2.8.10\jackson-databind-2.8.10.jar;D:\Java开发系列\Maven相关包\zip\apache-maven-3.6.1-bin\apache-maven-3.6.1\Resources\com\google\guava\guava\18.0\guava-18.0.jar;D:\Java开发系列\Maven相关包\zip\apache-maven-3.6.1-bin\apache-maven-3.6.1\Resources\com\netflix\hystrix\hystrix-core\1.5.12\hystrix-core-1.5.12.jar;D:\Java开发系列\Maven相关包\zip\apache-maven-3.6.1-bin\apache-maven-3.6.1\Resources\io\reactivex\rxjava\1.2.0\rxjava-1.2.0.jar;D:\Java开发系列\Maven相关包\zip\apache-maven-3.6.1-bin\apache-maven-3.6.1\Resources\org\hdrhistogram\HdrHistogram\2.1.9\HdrHistogram-2.1.9.jar;D:\Java开发系列\Maven相关包\zip\apache-maven-3.6.1-bin\apache-maven-3.6.1\Resources\com\netflix\hystrix\hystrix-metrics-event-stream\1.5.12\hystrix-metrics-event-stream-1.5.12.jar;D:\Java开发系列\Maven相关包\zip\apache-maven-3.6.1-bin\apache-maven-3.6.1\Resources\com\netflix\hystrix\hystrix-serialization\1.5.12\hystrix-serialization-1.5.12.jar;D:\Java开发系列\Maven相关包\zip\apache-maven-3.6.1-bin\apache-maven-3.6.1\Resources\com\fasterxml\jackson\module\jackson-module-afterburner\2.7.5\jackson-module-afterburner-2.7.5.jar;D:\Java开发系列\Maven相关包\zip\apache-maven-3.6.1-bin\apache-maven-3.6.1\Resources\com\netflix\hystrix\hystrix-javanica\1.5.12\hystrix-javanica-1.5.12.jar;D:\Java开发系列\Maven相关包\zip\apache-maven-3.6.1-bin\apache-maven-3.6.1\Resources\org\apache\commons\commons-lang3\3.1\commons-lang3-3.1.jar;D:\Java开发系列\Maven相关包\zip\apache-maven-3.6.1-bin\apache-maven-3.6.1\Resources\org\ow2\asm\asm\5.0.4\asm-5.0.4.jar;D:\Java开发系列\Maven相关包\zip\apache-maven-3.6.1-bin\apache-maven-3.6.1\Resources\org\aspectj\aspectjweaver\1.8.6\aspectjweaver-1.8.6.jar;D:\Java开发系列\Maven相关包\zip\apache-maven-3.6.1-bin\apache-maven-3.6.1\Resources\org\springframework\cloud\spring-cloud-starter-feign\1.4.4.RELEASE\spring-cloud-starter-feign-1.4.4.RELEASE.jar;D:\Java开发系列\Maven相关包\zip\apache-maven-3.6.1-bin\apache-maven-3.6.1\Resources\org\springframework\cloud\spring-cloud-starter-openfeign\1.4.4.RELEASE\spring-cloud-starter-openfeign-1.4.4.RELEASE.jar;D:\Java开发系列\Maven相关包\zip\apache-maven-3.6.1-bin\apache-maven-3.6.1\Resources\org\springframework\spring-web\4.3.14.RELEASE\spring-web-4.3.14.RELEASE.jar;D:\Java开发系列\Maven相关包\zip\apache-maven-3.6.1-bin\apache-maven-3.6.1\Resources\org\springframework\spring-aop\4.3.14.RELEASE\spring-aop-4.3.14.RELEASE.jar;D:\Java开发系列\Maven相关包\zip\apache-maven-3.6.1-bin\apache-maven-3.6.1\Resources\org\springframework\spring-beans\4.3.14.RELEASE\spring-beans-4.3.14.RELEASE.jar;D:\Java开发系列\Maven相关包\zip\apache-maven-3.6.1-bin\apache-maven-3.6.1\Resources\org\springframework\spring-context\4.3.14.RELEASE\spring-context-4.3.14.RELEASE.jar;D:\Java开发系列\Maven相关包\zip\apache-maven-3.6.1-bin\apache-maven-3.6.1\Resources\org\springframework\spring-expression\4.3.14.RELEASE\spring-expression-4.3.14.RELEASE.jar;D:\Java开发系列\Maven相关包\zip\apache-maven-3.6.1-bin\apache-maven-3.6.1\Resources\org\springframework\cloud\spring-cloud-commons\1.3.3.RELEASE\spring-cloud-commons-1.3.3.RELEASE.jar;D:\Java开发系列\Maven相关包\zip\apache-maven-3.6.1-bin\apache-maven-3.6.1\Resources\org\springframework\security\spring-security-crypto\4.2.4.RELEASE\spring-security-crypto-4.2.4.RELEASE.jar;D:\Java开发系列\Maven相关包\zip\apache-maven-3.6.1-bin\apache-maven-3.6.1\Resources\org\apache\httpcomponents\httpclient\4.5.1\httpclient-4.5.1.jar;D:\Java开发系列\Maven相关包\zip\apache-maven-3.6.1-bin\apache-maven-3.6.1\Resources\org\apache\httpcomponents\httpcore\4.4.3\httpcore-4.4.3.jar;D:\Java开发系列\Maven相关包\zip\apache-maven-3.6.1-bin\apache-maven-3.6.1\Resources\commons-codec\commons-codec\1.9\commons-codec-1.9.jar;D:\Java开发系列\Maven相关包\zip\apache-maven-3.6.1-bin\apache-maven-3.6.1\Resources\io\github\openfeign\feign-core\9.5.0\feign-core-9.5.0.jar;D:\Java开发系列\Maven相关包\zip\apache-maven-3.6.1-bin\apache-maven-3.6.1\Resources\org\jvnet\animal-sniffer-annotation\1.0\animal-sniffer-annotation-1.0.jar;D:\Java开发系列\Maven相关包\zip\apache-maven-3.6.1-bin\apache-maven-3.6.1\Resources\io\github\openfeign\feign-slf4j\9.5.0\feign-slf4j-9.5.0.jar;D:\Java开发系列\Maven相关包\zip\apache-maven-3.6.1-bin\apache-maven-3.6.1\Resources\io\github\openfeign\feign-hystrix\9.5.0\feign-hystrix-9.5.0.jar;D:\Java开发系列\Maven相关包\zip\apache-maven-3.6.1-bin\apache-maven-3.6.1\Resources\org\springframework\cloud\spring-cloud-starter-netflix-ribbon\1.4.4.RELEASE\spring-cloud-starter-netflix-ribbon-1.4.4.RELEASE.jar;D:\Java开发系列\Maven相关包\zip\apache-maven-3.6.1-bin\apache-maven-3.6.1\Resources\com\netflix\ribbon\ribbon\2.2.5\ribbon-2.2.5.jar;D:\Java开发系列\Maven相关包\zip\apache-maven-3.6.1-bin\apache-maven-3.6.1\Resources\com\netflix\ribbon\ribbon-transport\2.2.5\ribbon-transport-2.2.5.jar;D:\Java开发系列\Maven相关包\zip\apache-maven-3.6.1-bin\apache-maven-3.6.1\Resources\io\reactivex\rxnetty-contexts\0.4.9\rxnetty-contexts-0.4.9.jar;D:\Java开发系列\Maven相关包\zip\apache-maven-3.6.1-bin\apache-maven-3.6.1\Resources\io\reactivex\rxnetty-servo\0.4.9\rxnetty-servo-0.4.9.jar;D:\Java开发系列\Maven相关包\zip\apache-maven-3.6.1-bin\apache-maven-3.6.1\Resources\javax\inject\javax.inject\1\javax.inject-1.jar;D:\Java开发系列\Maven相关包\zip\apache-maven-3.6.1-bin\apache-maven-3.6.1\Resources\io\reactivex\rxnetty\0.4.9\rxnetty-0.4.9.jar;D:\Java开发系列\Maven相关包\zip\apache-maven-3.6.1-bin\apache-maven-3.6.1\Resources\io\netty\netty-codec-http\4.0.27.Final\netty-codec-http-4.0.27.Final.jar;D:\Java开发系列\Maven相关包\zip\apache-maven-3.6.1-bin\apache-maven-3.6.1\Resources\io\netty\netty-codec\4.0.27.Final\netty-codec-4.0.27.Final.jar;D:\Java开发系列\Maven相关包\zip\apache-maven-3.6.1-bin\apache-maven-3.6.1\Resources\io\netty\netty-handler\4.0.27.Final\netty-handler-4.0.27.Final.jar;D:\Java开发系列\Maven相关包\zip\apache-maven-3.6.1-bin\apache-maven-3.6.1\Resources\io\netty\netty-transport-native-epoll\4.0.27.Final\netty-transport-native-epoll-4.0.27.Final.jar;D:\Java开发系列\Maven相关包\zip\apache-maven-3.6.1-bin\apache-maven-3.6.1\Resources\io\netty\netty-common\4.0.27.Final\netty-common-4.0.27.Final.jar;D:\Java开发系列\Maven相关包\zip\apache-maven-3.6.1-bin\apache-maven-3.6.1\Resources\io\netty\netty-buffer\4.0.27.Final\netty-buffer-4.0.27.Final.jar;D:\Java开发系列\Maven相关包\zip\apache-maven-3.6.1-bin\apache-maven-3.6.1\Resources\io\netty\netty-transport\4.0.27.Final\netty-transport-4.0.27.Final.jar;D:\Java开发系列\Maven相关包\zip\apache-maven-3.6.1-bin\apache-maven-3.6.1\Resources\com\netflix\ribbon\ribbon-core\2.2.5\ribbon-core-2.2.5.jar;D:\Java开发系列\Maven相关包\zip\apache-maven-3.6.1-bin\apache-maven-3.6.1\Resources\com\netflix\ribbon\ribbon-httpclient\2.2.5\ribbon-httpclient-2.2.5.jar;D:\Java开发系列\Maven相关包\zip\apache-maven-3.6.1-bin\apache-maven-3.6.1\Resources\commons-collections\commons-collections\3.2.2\commons-collections-3.2.2.jar;D:\Java开发系列\Maven相关包\zip\apache-maven-3.6.1-bin\apache-maven-3.6.1\Resources\com\sun\jersey\jersey-client\1.19.1\jersey-client-1.19.1.jar;D:\Java开发系列\Maven相关包\zip\apache-maven-3.6.1-bin\apache-maven-3.6.1\Resources\com\sun\jersey\jersey-core\1.19.1\jersey-core-1.19.1.jar;D:\Java开发系列\Maven相关包\zip\apache-maven-3.6.1-bin\apache-maven-3.6.1\Resources\javax\ws\rs\jsr311-api\1.1.1\jsr311-api-1.1.1.jar;D:\Java开发系列\Maven相关包\zip\apache-maven-3.6.1-bin\apache-maven-3.6.1\Resources\com\sun\jersey\contribs\jersey-apache-client4\1.19.1\jersey-apache-client4-1.19.1.jar;D:\Java开发系列\Maven相关包\zip\apache-maven-3.6.1-bin\apache-maven-3.6.1\Resources\com\netflix\servo\servo-core\0.10.1\servo-core-0.10.1.jar;D:\Java开发系列\Maven相关包\zip\apache-maven-3.6.1-bin\apache-maven-3.6.1\Resources\com\netflix\servo\servo-internal\0.10.1\servo-internal-0.10.1.jar;D:\Java开发系列\Maven相关包\zip\apache-maven-3.6.1-bin\apache-maven-3.6.1\Resources\com\netflix\netflix-commons\netflix-commons-util\0.1.1\netflix-commons-util-0.1.1.jar;D:\Java开发系列\Maven相关包\zip\apache-maven-3.6.1-bin\apache-maven-3.6.1\Resources\com\netflix\ribbon\ribbon-loadbalancer\2.2.5\ribbon-loadbalancer-2.2.5.jar;D:\Java开发系列\Maven相关包\zip\apache-maven-3.6.1-bin\apache-maven-3.6.1\Resources\com\netflix\netflix-commons\netflix-statistics\0.1.1\netflix-statistics-0.1.1.jar;D:\Java开发系列\Maven相关包\zip\apache-maven-3.6.1-bin\apache-maven-3.6.1\Resources\mysql\mysql-connector-java\8.0.17\mysql-connector-java-8.0.17.jar;D:\Java开发系列\Maven相关包\zip\apache-maven-3.6.1-bin\apache-maven-3.6.1\Resources\com\google\protobuf\protobuf-java\3.6.1\protobuf-java-3.6.1.jar;D:\Java开发系列\Maven相关包\zip\apache-maven-3.6.1-bin\apache-maven-3.6.1\Resources\com\alibaba\druid\1.0.31\druid-1.0.31.jar;D:\jdk 1.8_bao\jdk\jre\..\lib\jconsole.jar;D:\jdk 1.8_bao\jdk\jre\..\lib\tools.jar;D:\Java开发系列\Maven相关包\zip\apache-maven-3.6.1-bin\apache-maven-3.6.1\Resources\org\mybatis\spring\boot\mybatis-spring-boot-starter\1.3.0\mybatis-spring-boot-starter-1.3.0.jar;D:\Java开发系列\Maven相关包\zip\apache-maven-3.6.1-bin\apache-maven-3.6.1\Resources\org\springframework\boot\spring-boot-starter\1.5.2.RELEASE\spring-boot-starter-1.5.2.RELEASE.jar;D:\Java开发系列\Maven相关包\zip\apache-maven-3.6.1-bin\apache-maven-3.6.1\Resources\org\springframework\boot\spring-boot\1.5.2.RELEASE\spring-boot-1.5.2.RELEASE.jar;D:\Java开发系列\Maven相关包\zip\apache-maven-3.6.1-bin\apache-maven-3.6.1\Resources\org\springframework\boot\spring-boot-autoconfigure\1.5.2.RELEASE\spring-boot-autoconfigure-1.5.2.RELEASE.jar;D:\Java开发系列\Maven相关包\zip\apache-maven-3.6.1-bin\apache-maven-3.6.1\Resources\org\springframework\boot\spring-boot-starter-logging\1.5.2.RELEASE\spring-boot-starter-logging-1.5.2.RELEASE.jar;D:\Java开发系列\Maven相关包\zip\apache-maven-3.6.1-bin\apache-maven-3.6.1\Resources\org\slf4j\jcl-over-slf4j\1.7.24\jcl-over-slf4j-1.7.24.jar;D:\Java开发系列\Maven相关包\zip\apache-maven-3.6.1-bin\apache-maven-3.6.1\Resources\org\slf4j\jul-to-slf4j\1.7.24\jul-to-slf4j-1.7.24.jar;D:\Java开发系列\Maven相关包\zip\apache-maven-3.6.1-bin\apache-maven-3.6.1\Resources\org\slf4j\log4j-over-slf4j\1.7.24\log4j-over-slf4j-1.7.24.jar;D:\Java开发系列\Maven相关包\zip\apache-maven-3.6.1-bin\apache-maven-3.6.1\Resources\org\springframework\spring-core\4.3.7.RELEASE\spring-core-4.3.7.RELEASE.jar;D:\Java开发系列\Maven相关包\zip\apache-maven-3.6.1-bin\apache-maven-3.6.1\Resources\org\yaml\snakeyaml\1.17\snakeyaml-1.17.jar;D:\Java开发系列\Maven相关包\zip\apache-maven-3.6.1-bin\apache-maven-3.6.1\Resources\org\springframework\boot\spring-boot-starter-jdbc\1.5.2.RELEASE\spring-boot-starter-jdbc-1.5.2.RELEASE.jar;D:\Java开发系列\Maven相关包\zip\apache-maven-3.6.1-bin\apache-maven-3.6.1\Resources\org\apache\tomcat\tomcat-jdbc\8.5.11\tomcat-jdbc-8.5.11.jar;D:\Java开发系列\Maven相关包\zip\apache-maven-3.6.1-bin\apache-maven-3.6.1\Resources\org\apache\tomcat\tomcat-juli\8.5.11\tomcat-juli-8.5.11.jar;D:\Java开发系列\Maven相关包\zip\apache-maven-3.6.1-bin\apache-maven-3.6.1\Resources\org\springframework\spring-jdbc\4.3.7.RELEASE\spring-jdbc-4.3.7.RELEASE.jar;D:\Java开发系列\Maven相关包\zip\apache-maven-3.6.1-bin\apache-maven-3.6.1\Resources\org\springframework\spring-tx\4.3.7.RELEASE\spring-tx-4.3.7.RELEASE.jar;D:\Java开发系列\Maven相关包\zip\apache-maven-3.6.1-bin\apache-maven-3.6.1\Resources\org\mybatis\spring\boot\mybatis-spring-boot-autoconfigure\1.3.0\mybatis-spring-boot-autoconfigure-1.3.0.jar;D:\Java开发系列\Maven相关包\zip\apache-maven-3.6.1-bin\apache-maven-3.6.1\Resources\org\mybatis\mybatis\3.4.4\mybatis-3.4.4.jar;D:\Java开发系列\Maven相关包\zip\apache-maven-3.6.1-bin\apache-maven-3.6.1\Resources\org\mybatis\mybatis-spring\1.3.1\mybatis-spring-1.3.1.jar;D:\Java开发系列\Maven相关包\zip\apache-maven-3.6.1-bin\apache-maven-3.6.1\Resources\ch\qos\logback\logback-classic\1.2.3\logback-classic-1.2.3.jar;D:\Java开发系列\Maven相关包\zip\apache-maven-3.6.1-bin\apache-maven-3.6.1\Resources\ch\qos\logback\logback-core\1.2.3\logback-core-1.2.3.jar;D:\Java开发系列\Maven相关包\zip\apache-maven-3.6.1-bin\apache-maven-3.6.1\Resources\org\slf4j\slf4j-api\1.7.25\slf4j-api-1.7.25.jar;D:\Java开发系列\Maven相关包\zip\apache-maven-3.6.1-bin\apache-maven-3.6.1\Resources\junit\junit\4.12\junit-4.12.jar;D:\Java开发系列\Maven相关包\zip\apache-maven-3.6.1-bin\apache-maven-3.6.1\Resources\org\hamcrest\hamcrest-core\1.3\hamcrest-core-1.3.jar;D:\Java开发系列\Maven相关包\zip\apache-maven-3.6.1-bin\apache-maven-3.6.1\Resources\log4j\log4j\1.2.17\log4j-1.2.17.jar;"/>
    <property name="sun.cpu.endian" value="little"/>
    <property name="user.home" value="C:\Users\wang_sir"/>
    <property name="user.language" value="zh"/>
    <property name="java.specification.vendor" value="Oracle Corporation"/>
    <property name="java.home" value="D:\jdk 1.8_bao\jdk\jre"/>
    <property name="basedir" value="E:\Java_Code\Spring-cloud\springcloud\microservicecloud\microservicecloud-api"/>
    <property name="file.separator" value="\"/>
    <property name="line.separator" value="&#10;"/>
    <property name="idea.version2019.2.4" value="true"/>
    <property name="java.vm.specification.vendor" value="Oracle Corporation"/>
    <property name="java.specification.name" value="Java Platform API Specification"/>
    <property name="java.awt.graphicsenv" value="sun.awt.Win32GraphicsEnvironment"/>
    <property name="surefire.real.class.path" value="C:\Users\wang_sir\AppData\Local\Temp\surefire5541914030155958390\surefirebooter3916291290569648376.jar"/>
    <property name="sun.boot.class.path" value="D:\jdk 1.8_bao\jdk\jre\lib\resources.jar;D:\jdk 1.8_bao\jdk\jre\lib\rt.jar;D:\jdk 1.8_bao\jdk\jre\lib\sunrsasign.jar;D:\jdk 1.8_bao\jdk\jre\lib\jsse.jar;D:\jdk 1.8_bao\jdk\jre\lib\jce.jar;D:\jdk 1.8_bao\jdk\jre\lib\charsets.jar;D:\jdk 1.8_bao\jdk\jre\lib\jfr.jar;D:\jdk 1.8_bao\jdk\jre\classes"/>
    <property name="user.script" value=""/>
    <property name="sun.management.compiler" value="HotSpot 64-Bit Tiered Compilers"/>
    <property name="java.runtime.version" value="1.8.0_221-b11"/>
    <property name="user.name" value="wang_sir"/>
    <property name="path.separator" value=";"/>
    <property name="os.version" value="10.0"/>
    <property name="java.endorsed.dirs" value="D:\jdk 1.8_bao\jdk\jre\lib\endorsed"/>
    <property name="java.runtime.name" value="Java(TM) SE Runtime Environment"/>
    <property name="file.encoding" value="GBK"/>
    <property name="java.vm.name" value="Java HotSpot(TM) 64-Bit Server VM"/>
    <property name="localRepository" value="D:\Java开发系列\Maven相关包\zip\apache-maven-3.6.1-bin\apache-maven-3.6.1\Resources"/>
    <property name="java.vendor.url.bug" value="http://bugreport.sun.com/bugreport/"/>
    <property name="java.io.tmpdir" value="C:\Users\wang_sir\AppData\Local\Temp\"/>
    <property name="java.version" value="1.8.0_221"/>
    <property name="user.dir" value="E:\Java_Code\Spring-cloud\springcloud\microservicecloud\microservicecloud-api"/>
    <property name="os.arch" value="amd64"/>
    <property name="java.vm.specification.name" value="Java Virtual Machine Specification"/>
    <property name="java.awt.printerjob" value="sun.awt.windows.WPrinterJob"/>
    <property name="sun.os.patch.level" value=""/>
    <property name="java.library.path" value="D:\jdk 1.8_bao\jdk\jre\bin;C:\Windows\Sun\Java\bin;C:\Windows\system32;C:\Windows;C:\Program Files\VanDyke Software\Clients\;C:\Program Files (x86)\Common Files\Oracle\Java\javapath;C:\Windows\system32;C:\Windows;C:\Windows\System32\Wbem;C:\Windows\System32\WindowsPowerShell\v1.0\;C:\Windows\System32\OpenSSH\;D:\Java开发系列\Maven相关包\zip\apache-maven-3.6.1-bin\apache-maven-3.6.1\bin;D:\jdk 1.8_bao\jdk\bin;D:\jdk 1.8_bao\jdk\jre\bin;D:\MySql\mysql-8.0.17-winx64\bin;D:\Tomcat\apache-tomcat-8.5.47-windows-x64\apache-tomcat-8.5.47\bin;C:\Program Files\Microsoft SQL Server\130\Tools\Binn\;C:\Windows\system32\config\systemprofile\.dnx\bin;C:\Program Files\Microsoft DNX\Dnvm\;C:\Program Files\Microsoft SQL Server\120\Tools\Binn\;D:\SVN\SVN_Service\Location\bin;C:\Program Files\TortoiseSVN\bin;D:\Spss\Spss24\p24\JRE\bin;D:\GitHub\Git\Git\cmd;C:\Users\wang_sir\AppData\Local\Microsoft\WindowsApps;C:\Users\wang_sir\AppData\Local\GitHubDesktop\bin;C:\Users\wang_sir\AppData\Local\Pandoc\;."/>
    <property name="java.vm.info" value="mixed mode"/>
    <property name="java.vendor" value="Oracle Corporation"/>
    <property name="java.vm.version" value="25.221-b11"/>
    <property name="java.ext.dirs" value="D:\jdk 1.8_bao\jdk\jre\lib\ext;C:\Windows\Sun\Java\lib\ext"/>
    <property name="sun.io.unicode.encoding" value="UnicodeLittle"/>
    <property name="maven.repo.local" value="D:\Java开发系列\Maven相关包\zip\apache-maven-3.6.1-bin\apache-maven-3.6.1\Resources"/>
    <property name="java.class.version" value="52.0"/>
  </properties>
  <testcase name="shouldAnswerWithTrue" classname="com.gnawococ.springcloud.AppTest" time="0.002"/>
</testsuite>